{"/Users/jason/fs-02/jest-app/avatar.js": {"path":"/Users/jason/fs-02/jest-app/avatar.js","statementMap":{"0":{"start":{"line":2,"column":19},"end":{"line":2,"column":69}},"1":{"start":{"line":3,"column":22},"end":{"line":3,"column":43}},"2":{"start":{"line":4,"column":2},"end":{"line":4,"column":16}}},"fnMap":{"0":{"name":"getAvatars","decl":{"start":{"line":1,"column":15},"end":{"line":1,"column":25}},"loc":{"start":{"line":1,"column":29},"end":{"line":5,"column":1}},"line":1}},"branchMap":{},"s":{"0":1,"1":1,"2":1},"f":{"0":1},"b":{},"_coverageSchema":"1a1c01bbd47fc00a2c39e90264f33305004495a9","hash":"dea3e62784276781decccdc1cc78fc30cb5d8790"}
,"/Users/jason/fs-02/jest-app/grade.js": {"path":"/Users/jason/fs-02/jest-app/grade.js","statementMap":{"0":{"start":{"line":2,"column":2},"end":{"line":2,"column":20}}},"fnMap":{"0":{"name":"isPassingScore","decl":{"start":{"line":1,"column":9},"end":{"line":1,"column":23}},"loc":{"start":{"line":1,"column":32},"end":{"line":3,"column":1}},"line":1}},"branchMap":{},"s":{"0":0},"f":{"0":0},"b":{},"_coverageSchema":"1a1c01bbd47fc00a2c39e90264f33305004495a9","hash":"914fba7c206866782e414765cf9e03f3ae80fc8a"}
,"/Users/jason/fs-02/jest-app/hello.js": {"path":"/Users/jason/fs-02/jest-app/hello.js","statementMap":{"0":{"start":{"line":2,"column":2},"end":{"line":2,"column":21}}},"fnMap":{"0":{"name":"hello","decl":{"start":{"line":1,"column":9},"end":{"line":1,"column":14}},"loc":{"start":{"line":1,"column":18},"end":{"line":3,"column":1}},"line":1}},"branchMap":{},"s":{"0":0},"f":{"0":0},"b":{},"_coverageSchema":"1a1c01bbd47fc00a2c39e90264f33305004495a9","hash":"c1763d4fe9a0f3f7305edafebbe23d4060419f84"}
}
